sum =   1428, iter =    514, len =     9,  time = 0.000000 
sum =   1428, iter =    167, len =     9,  time = 16.000000 
sum =   1428, iter =    220, len =     9,  time = 0.000000 
sum =   1428, iter =    704, len =     9,  time = 0.000000 
sum =   1428, iter =    662, len =     9,  time = 0.000000 
sum =   1428, iter =    589, len =     9,  time = 0.000000 
sum =   1428, iter =    463, len =     9,  time = 0.000000 
sum =   1428, iter =    128, len =     9,  time = 0.000000 
sum =   1428, iter =    131, len =     9,  time = 0.000000 
sum =   1428, iter =   1468, len =     9,  time = 0.000000 
sum =   1428, iter =     74, len =     9,  time = 16.000000 
sum =   1428, iter =    218, len =     9,  time = 0.000000 
sum =   1428, iter =    796, len =     9,  time = 0.000000 
sum =   1428, iter =    115, len =     9,  time = 0.000000 
sum =   1428, iter =    790, len =     9,  time = 0.000000 
sum =   1428, iter =    237, len =     9,  time = 0.000000 
sum =   1428, iter =    334, len =     9,  time = 0.000000 
sum =   1428, iter =    302, len =     9,  time = 0.000000 
sum =   1428, iter =   1805, len =     9,  time = 15.000000 
sum =   1428, iter =    579, len =     9,  time = 0.000000 
sum =   1428, iter =    226, len =     9,  time = 0.000000 
sum =   1428, iter =    129, len =     9,  time = 0.000000 
sum =   1428, iter =    465, len =     9,  time = 0.000000 
sum =   1428, iter =    428, len =     9,  time = 0.000000 
sum =   1428, iter =     83, len =     9,  time = 0.000000 
sum =   1428, iter =    950, len =     9,  time = 0.000000 
sum =   1428, iter =     98, len =     9,  time = 0.000000 
sum =   1428, iter =    309, len =     9,  time = 0.000000 
sum =   1428, iter =    453, len =     9,  time = 0.000000 
sum =   1428, iter =    557, len =     9,  time = 16.000000 
sum =   1428, iter =    714, len =     9,  time = 0.000000 
sum =   1428, iter =    908, len =     9,  time = 0.000000 
sum =   1428, iter =    345, len =     9,  time = 0.000000 
sum =   1428, iter =    219, len =     9,  time = 0.000000 
sum =   1428, iter =    487, len =     9,  time = 0.000000 
sum =   1428, iter =    111, len =     9,  time = 0.000000 
sum =   1428, iter =    975, len =     9,  time = 0.000000 
sum =   1428, iter =     29, len =     9,  time = 0.000000 
sum =   1428, iter =    367, len =     9,  time = 0.000000 
sum =   1428, iter =   1140, len =     9,  time = 16.000000 
sum =   1428, iter =   1149, len =     9,  time = 0.000000 
sum =   1428, iter =   1174, len =     9,  time = 0.000000 
sum =   1428, iter =    221, len =     9,  time = 0.000000 
sum =   1428, iter =    176, len =     9,  time = 0.000000 
sum =   1428, iter =    409, len =     9,  time = 0.000000 
sum =   1428, iter =    730, len =     9,  time = 15.000000 
sum =   1428, iter =    584, len =     9,  time = 0.000000 
sum =   1428, iter =   1387, len =     9,  time = 0.000000 
sum =   1428, iter =   2036, len =     9,  time = 0.000000 
sum =   1428, iter =    670, len =     9,  time = 16.000000 
sum =   1428, iter =    218, len =     9,  time = 0.000000 
sum =   1428, iter =    542, len =     9,  time = 0.000000 
sum =   1428, iter =    332, len =     9,  time = 0.000000 
sum =   1428, iter =   1040, len =     9,  time = 0.000000 
sum =   1428, iter =    497, len =     9,  time = 0.000000 
sum =   1428, iter =   1325, len =     9,  time = 0.000000 
sum =   1428, iter =   1213, len =     9,  time = 15.000000 
sum =   1428, iter =    177, len =     9,  time = 0.000000 
sum =   1428, iter =    204, len =     9,  time = 0.000000 
sum =   1428, iter =    542, len =     9,  time = 0.000000 
sum =   1428, iter =     57, len =     9,  time = 0.000000 
sum =   1428, iter =    919, len =     9,  time = 0.000000 
sum =   1428, iter =    269, len =     9,  time = 0.000000 
sum =   1428, iter =    353, len =     9,  time = 0.000000 
sum =   1428, iter =    255, len =     9,  time = 0.000000 
sum =   1428, iter =    332, len =     9,  time = 0.000000 
sum =   1428, iter =    746, len =     9,  time = 16.000000 
sum =   1428, iter =   1646, len =     9,  time = 0.000000 
sum =   1428, iter =    175, len =     9,  time = 0.000000 
sum =   1428, iter =    449, len =     9,  time = 0.000000 
sum =   1428, iter =   1324, len =     9,  time = 0.000000 
sum =   1428, iter =    307, len =     9,  time = 0.000000 
sum =   1428, iter =    876, len =     9,  time = 16.000000 
sum =   1428, iter =    200, len =     9,  time = 0.000000 
sum =   1428, iter =   1138, len =     9,  time = 0.000000 
sum =   1428, iter =    353, len =     9,  time = 0.000000 
sum =   1428, iter =    262, len =     9,  time = 0.000000 
sum =   1428, iter =    579, len =     9,  time = 0.000000 
sum =   1428, iter =    647, len =     9,  time = 0.000000 
sum =   1428, iter =     60, len =     9,  time = 0.000000 
sum =   1428, iter =   2293, len =     9,  time = 15.000000 
sum =   1428, iter =    369, len =     9,  time = 0.000000 
sum =   1428, iter =    623, len =     9,  time = 0.000000 
sum =   1428, iter =    681, len =     9,  time = 0.000000 
sum =   1428, iter =    833, len =     9,  time = 0.000000 
sum =   1428, iter =    104, len =     9,  time = 0.000000 
sum =   1428, iter =    370, len =     9,  time = 0.000000 
sum =   1428, iter =    375, len =     9,  time = 16.000000 
sum =   1428, iter =   1659, len =     9,  time = 0.000000 
sum =   1428, iter =    608, len =     9,  time = 0.000000 
sum =   1428, iter =    795, len =     9,  time = 0.000000 
sum =   1428, iter =    546, len =     9,  time = 0.000000 
sum =   1428, iter =     17, len =     9,  time = 0.000000 
sum =   1428, iter =    710, len =     9,  time = 0.000000 
sum =   1428, iter =    190, len =     9,  time = 16.000000 
sum =   1428, iter =    752, len =     9,  time = 0.000000 
sum =   1428, iter =    192, len =     9,  time = 0.000000 
sum =   1428, iter =    171, len =     9,  time = 0.000000 
sum =   1428, iter =    980, len =     9,  time = 0.000000 
sum =   1428, iter =   1146, len =     9,  time = 0.000000 


 the total information: 

 The best weight value for the maximum weighted problem is   1428 
avg_sum = 1428.000000, succes =    100, len =     9, avg_iter =    582,  time = 0.002040 
